<?xml version="1.0" encoding="UTF-8"?>
<!-- Generated by org.testng.reporters.JUnitReportReporter -->
<testsuite ignored="0" hostname="Ishanvi" failures="0" tests="1" name="com.learnautomation.testcases.LoginTest" time="2.154" errors="0" timestamp="30 Sep 2023 09:13:01 GMT" skipped="0">
  <testcase classname="com.learnautomation.testcases.LoginTest" name="loginApp" time="2.154"/>
</testsuite> <!-- com.learnautomation.testcases.LoginTest -->
