<?xml version="1.0" encoding="UTF-8"?>
<!-- Generated by org.testng.reporters.JUnitReportReporter -->
<testsuite ignored="0" hostname="Ishanvi" failures="0" tests="1" name="com.learnautomation.testcases.LoginTest" time="2.223" errors="0" timestamp="01 Oct 2023 11:57:36 GMT" skipped="0">
  <testcase classname="com.learnautomation.testcases.LoginTest" name="loginApp" time="2.223"/>
</testsuite> <!-- com.learnautomation.testcases.LoginTest -->
